<?xml version="1.0" encoding="UTF-8"?>
<testsuite xmlns:xsi="http://www.w3.org/2001/XMLSchema-instance" xsi:noNamespaceSchemaLocation="https://maven.apache.org/surefire/maven-surefire-plugin/xsd/surefire-test-report-3.0.xsd" version="3.0" name="com.example.userscrud.UserscrudApplicationTests" time="6.632" tests="1" errors="0" skipped="0" failures="0">
  <properties>
[...]
</properties>
  <testcase name="contextLoads" classname="com.example.userscrud.UserscrudApplicationTests" time="0.542">
    <system-out><![CDATA[13:15:07.304 [main] INFO org.springframework.test.context.support.AnnotationConfigContextLoaderUtils -- Could not detect default configuration classes for test class [com.example.userscrud.UserscrudApplicationTests]: UserscrudApplicationTests does not declare any static, non-private, non-final, nested classes annotated with @Configuration.
13:15:07.399 [main] INFO org.springframework.boot.test.context.SpringBootTestContextBootstrapper -- Found @SpringBootConfiguration com.example.UserscrudApplication for test class com.example.userscrud.UserscrudApplicationTests

  .   ____          _            __ _ _
 /\\ / ___'_ __ _ _(_)_ __  __ _ \ \ \ \
( ( )\___ | '_ | '_| | '_ \/ _` | \ \ \ \
 \\/  ___)| |_)| | | | | || (_| |  ) ) ) )
  '  |____| .__|_| |_|_| |_\__, | / / / /
 =========|_|==============|___/=/_/_/_/
 :: Spring Boot ::                (v3.1.8)

2024-09-26T13:15:07.751-07:00  INFO 45286 --- [           main] c.e.userscrud.UserscrudApplicationTests  : Starting UserscrudApplicationTests using Java 17.0.10 with PID 45286 (started by mayurikulkarni in /Users/mayurikulkarni/synergisticit-code/DevOps-Started-6-August-2024/assessment-9-26-24/userscrud)
2024-09-26T13:15:07.753-07:00  INFO 45286 --- [           main] c.e.userscrud.UserscrudApplicationTests  : No active profile set, falling back to 1 default profile: "default"
2024-09-26T13:15:08.808-07:00  INFO 45286 --- [           main] .s.d.r.c.RepositoryConfigurationDelegate : Bootstrapping Spring Data JPA repositories in DEFAULT mode.
2024-09-26T13:15:08.883-07:00  INFO 45286 --- [           main] .s.d.r.c.RepositoryConfigurationDelegate : Finished Spring Data repository scanning in 59 ms. Found 2 JPA repository interfaces.
2024-09-26T13:15:09.460-07:00  INFO 45286 --- [           main] o.hibernate.jpa.internal.util.LogHelper  : HHH000204: Processing PersistenceUnitInfo [name: default]
2024-09-26T13:15:09.517-07:00  INFO 45286 --- [           main] org.hibernate.Version                    : HHH000412: Hibernate ORM core version 6.2.20.Final
2024-09-26T13:15:09.520-07:00  INFO 45286 --- [           main] org.hibernate.cfg.Environment            : HHH000406: Using bytecode reflection optimizer
2024-09-26T13:15:09.805-07:00  INFO 45286 --- [           main] o.s.o.j.p.SpringPersistenceUnitInfo      : No LoadTimeWeaver setup: ignoring JPA class transformer
2024-09-26T13:15:09.829-07:00  INFO 45286 --- [           main] com.zaxxer.hikari.HikariDataSource       : HikariPool-1 - Starting...
2024-09-26T13:15:10.549-07:00  INFO 45286 --- [           main] com.zaxxer.hikari.pool.HikariPool        : HikariPool-1 - Added connection com.mysql.cj.jdbc.ConnectionImpl@6dbbdf92
2024-09-26T13:15:10.551-07:00  INFO 45286 --- [           main] com.zaxxer.hikari.HikariDataSource       : HikariPool-1 - Start completed.
2024-09-26T13:15:11.472-07:00  INFO 45286 --- [           main] o.h.e.t.j.p.i.JtaPlatformInitiator       : HHH000489: No JTA platform available (set 'hibernate.transaction.jta.platform' to enable JTA platform integration)
2024-09-26T13:15:11.698-07:00  INFO 45286 --- [           main] j.LocalContainerEntityManagerFactoryBean : Initialized JPA EntityManagerFactory for persistence unit 'default'
2024-09-26T13:15:11.942-07:00  INFO 45286 --- [           main] o.s.d.j.r.query.QueryEnhancerFactory     : Hibernate is in classpath; If applicable, HQL parser will be used.
2024-09-26T13:15:12.129-07:00  WARN 45286 --- [           main] JpaBaseConfiguration$JpaWebConfiguration : spring.jpa.open-in-view is enabled by default. Therefore, database queries may be performed during view rendering. Explicitly configure spring.jpa.open-in-view to disable this warning
2024-09-26T13:15:12.327-07:00  INFO 45286 --- [           main] o.s.s.web.DefaultSecurityFilterChain     : Will secure any request with [org.springframework.security.web.session.DisableEncodeUrlFilter@40477d52, org.springframework.security.web.context.request.async.WebAsyncManagerIntegrationFilter@2a1be9f8, org.springframework.security.web.context.SecurityContextHolderFilter@757ad227, org.springframework.security.web.header.HeaderWriterFilter@5b9ca528, org.springframework.security.web.authentication.logout.LogoutFilter@62129f97, org.springframework.security.web.authentication.www.BasicAuthenticationFilter@59e67a18, org.springframework.security.web.savedrequest.RequestCacheAwareFilter@25639668, org.springframework.security.web.servletapi.SecurityContextHolderAwareRequestFilter@71eead09, org.springframework.security.web.authentication.AnonymousAuthenticationFilter@59b43e35, org.springframework.security.web.access.ExceptionTranslationFilter@2ccb8db3, org.springframework.security.web.access.intercept.AuthorizationFilter@60c33609]
2024-09-26T13:15:13.085-07:00  INFO 45286 --- [           main] o.s.b.a.e.web.EndpointLinksResolver      : Exposing 13 endpoint(s) beneath base path '/actuator'
2024-09-26T13:15:13.184-07:00  INFO 45286 --- [           main] c.e.userscrud.UserscrudApplicationTests  : Started UserscrudApplicationTests in 5.673 seconds (process running for 6.417)
]]></system-out>
  </testcase>
</testsuite>